<?xml version="1.0" encoding="UTF-8"?>
<testng-results ignored="0" total="3" passed="2" failed="1" skipped="0">
  <reporter-output>
  </reporter-output>
  <suite started-at="2022-11-28T11:23:57 GMT" name="Amazon tests" finished-at="2022-11-28T11:27:54 GMT" duration-ms="237666">
    <groups>
    </groups>
    <test started-at="2022-11-28T11:23:57 GMT" name="Search test" finished-at="2022-11-28T11:26:51 GMT" duration-ms="174592">
      <class name="org.aspire.testCases.SearchProductTest">
        <test-method is-config="true" signature="setup(java.lang.String)[pri:0, instance:org.aspire.testCases.SearchProductTest@56cdfb3b]" started-at="2022-11-28T11:23:57 GMT" name="setup" finished-at="2022-11-28T11:24:03 GMT" duration-ms="6453" status="PASS">
          <params>
            <param index="0">
              <value>
                <![CDATA[chrome]]>
              </value>
            </param>
          </params>
          <reporter-output>
          </reporter-output>
        </test-method> <!-- setup -->
        <test-method signature="searchProduct()[pri:2, instance:org.aspire.testCases.SearchProductTest@56cdfb3b]" started-at="2022-11-28T11:24:03 GMT" name="searchProduct" finished-at="2022-11-28T11:24:42 GMT" duration-ms="39349" status="PASS">
          <reporter-output>
          </reporter-output>
        </test-method> <!-- searchProduct -->
        <test-method is-config="true" signature="teardown()[pri:0, instance:org.aspire.testCases.SearchProductTest@56cdfb3b]" started-at="2022-11-28T11:24:42 GMT" name="teardown" finished-at="2022-11-28T11:24:43 GMT" duration-ms="716" status="PASS">
          <reporter-output>
          </reporter-output>
        </test-method> <!-- teardown -->
        <test-method is-config="true" signature="setup(java.lang.String)[pri:0, instance:org.aspire.testCases.SearchProductTest@56cdfb3b]" started-at="2022-11-28T11:24:43 GMT" name="setup" finished-at="2022-11-28T11:24:47 GMT" duration-ms="3554" status="PASS">
          <params>
            <param index="0">
              <value>
                <![CDATA[chrome]]>
              </value>
            </param>
          </params>
          <reporter-output>
          </reporter-output>
        </test-method> <!-- setup -->
        <test-method signature="sortProductByPrice()[pri:3, instance:org.aspire.testCases.SearchProductTest@56cdfb3b]" started-at="2022-11-28T11:24:47 GMT" name="sortProductByPrice" finished-at="2022-11-28T11:26:50 GMT" duration-ms="123713" status="FAIL">
          <exception class="java.lang.AssertionError">
            <message>
              <![CDATA[Products are not sorted expected [true] but found [false]]]>
            </message>
            <full-stacktrace>
              <![CDATA[java.lang.AssertionError: Products are not sorted expected [true] but found [false]
at org.testng.Assert.fail(Assert.java:110)
at org.testng.Assert.failNotEquals(Assert.java:1413)
at org.testng.Assert.assertTrue(Assert.java:56)
at org.aspire.testCases.SearchProductTest.sortProductByPrice(SearchProductTest.java:47)
at java.base/jdk.internal.reflect.NativeMethodAccessorImpl.invoke0(Native Method)
at java.base/jdk.internal.reflect.NativeMethodAccessorImpl.invoke(NativeMethodAccessorImpl.java:62)
at java.base/jdk.internal.reflect.DelegatingMethodAccessorImpl.invoke(DelegatingMethodAccessorImpl.java:43)
at java.base/java.lang.reflect.Method.invoke(Method.java:566)
at org.testng.internal.invokers.MethodInvocationHelper.invokeMethod(MethodInvocationHelper.java:135)
at org.testng.internal.invokers.TestInvoker.invokeMethod(TestInvoker.java:673)
at org.testng.internal.invokers.TestInvoker.invokeTestMethod(TestInvoker.java:220)
at org.testng.internal.invokers.MethodRunner.runInSequence(MethodRunner.java:50)
at org.testng.internal.invokers.TestInvoker$MethodInvocationAgent.invoke(TestInvoker.java:945)
at org.testng.internal.invokers.TestInvoker.invokeTestMethods(TestInvoker.java:193)
at org.testng.internal.invokers.TestMethodWorker.invokeTestMethods(TestMethodWorker.java:146)
at org.testng.internal.invokers.TestMethodWorker.run(TestMethodWorker.java:128)
at java.base/java.util.ArrayList.forEach(ArrayList.java:1540)
at org.testng.TestRunner.privateRun(TestRunner.java:808)
at org.testng.TestRunner.run(TestRunner.java:603)
at org.testng.SuiteRunner.runTest(SuiteRunner.java:429)
at org.testng.SuiteRunner.runSequentially(SuiteRunner.java:423)
at org.testng.SuiteRunner.privateRun(SuiteRunner.java:383)
at org.testng.SuiteRunner.run(SuiteRunner.java:326)
at org.testng.SuiteRunnerWorker.runSuite(SuiteRunnerWorker.java:52)
at org.testng.SuiteRunnerWorker.run(SuiteRunnerWorker.java:95)
at org.testng.TestNG.runSuitesSequentially(TestNG.java:1249)
at org.testng.TestNG.runSuitesLocally(TestNG.java:1169)
at org.testng.TestNG.runSuites(TestNG.java:1092)
at org.testng.TestNG.run(TestNG.java:1060)
at org.apache.maven.surefire.testng.TestNGExecutor.run(TestNGExecutor.java:284)
at org.apache.maven.surefire.testng.TestNGXmlTestSuite.execute(TestNGXmlTestSuite.java:75)
at org.apache.maven.surefire.testng.TestNGProvider.invoke(TestNGProvider.java:119)
at org.apache.maven.surefire.booter.ForkedBooter.runSuitesInProcess(ForkedBooter.java:428)
at org.apache.maven.surefire.booter.ForkedBooter.execute(ForkedBooter.java:162)
at org.apache.maven.surefire.booter.ForkedBooter.run(ForkedBooter.java:562)
at org.apache.maven.surefire.booter.ForkedBooter.main(ForkedBooter.java:548)
]]>
            </full-stacktrace>
          </exception> <!-- java.lang.AssertionError -->
          <reporter-output>
          </reporter-output>
        </test-method> <!-- sortProductByPrice -->
        <test-method is-config="true" signature="teardown()[pri:0, instance:org.aspire.testCases.SearchProductTest@56cdfb3b]" started-at="2022-11-28T11:26:50 GMT" name="teardown" finished-at="2022-11-28T11:26:51 GMT" duration-ms="760" status="PASS">
          <reporter-output>
          </reporter-output>
        </test-method> <!-- teardown -->
      </class> <!-- org.aspire.testCases.SearchProductTest -->
    </test> <!-- Search test -->
    <test started-at="2022-11-28T11:26:51 GMT" name="Checkout test" finished-at="2022-11-28T11:27:54 GMT" duration-ms="63032">
      <class name="org.aspire.testCases.CheckOutTest">
        <test-method is-config="true" signature="setup(java.lang.String)[pri:0, instance:org.aspire.testCases.CheckOutTest@d9345cd]" started-at="2022-11-28T11:26:51 GMT" name="setup" finished-at="2022-11-28T11:26:55 GMT" duration-ms="3550" status="PASS">
          <params>
            <param index="0">
              <value>
                <![CDATA[chrome]]>
              </value>
            </param>
          </params>
          <reporter-output>
          </reporter-output>
        </test-method> <!-- setup -->
        <test-method signature="checkOut()[pri:1, instance:org.aspire.testCases.CheckOutTest@d9345cd]" started-at="2022-11-28T11:26:55 GMT" name="checkOut" finished-at="2022-11-28T11:27:54 GMT" duration-ms="58784" status="PASS">
          <reporter-output>
          </reporter-output>
        </test-method> <!-- checkOut -->
        <test-method is-config="true" signature="teardown()[pri:0, instance:org.aspire.testCases.CheckOutTest@d9345cd]" started-at="2022-11-28T11:27:54 GMT" name="teardown" finished-at="2022-11-28T11:27:54 GMT" duration-ms="695" status="PASS">
          <reporter-output>
          </reporter-output>
        </test-method> <!-- teardown -->
      </class> <!-- org.aspire.testCases.CheckOutTest -->
    </test> <!-- Checkout test -->
  </suite> <!-- Amazon tests -->
</testng-results>
